identityscanner/build/intermediates/manifest_merge_blame_file/debug/manifest-merger-blame-debug-report.txt
1<?xml version="1.0" encoding="utf-8"?>
2<manifest xmlns:android="http://schemas.android.com/apk/res/android"
3    package="com.digitify.identityscanner"
4    android:versionCode="1"
5    android:versionName="1.1.3" > <!-- <meta-data -->
6    <!-- android:name="com.google.firebase.ml.vision.DEPENDENCIES" -->
7    <!-- android:value="face" /> -->
8    <uses-sdk
9        android:minSdkVersion="21"
9-->src/main/AndroidManifest.xml
10        android:targetSdkVersion="28" />
10-->src/main/AndroidManifest.xml
11
12    <uses-permission android:name="android.permission.CAMERA" />
12-->src/main/AndroidManifest.xml:5:5-65
12-->src/main/AndroidManifest.xml:5:22-62
13    <uses-permission android:name="android.permission.WRITE_EXTERNAL_STORAGE" />
13-->src/main/AndroidManifest.xml:6:5-81
13-->src/main/AndroidManifest.xml:6:22-78
14    <uses-permission android:name="android.permission.RECORD_AUDIO" />
14-->src/main/AndroidManifest.xml:7:5-71
14-->src/main/AndroidManifest.xml:7:22-68
15
16    <uses-feature
16-->src/main/AndroidManifest.xml:9:5-11:35
17        android:name="android.hardware.camera"
17-->src/main/AndroidManifest.xml:10:9-47
18        android:required="true" />
18-->src/main/AndroidManifest.xml:11:9-32
19    <uses-feature
19-->src/main/AndroidManifest.xml:12:5-14:36
20        android:name="android.hardware.camera.autofocus"
20-->src/main/AndroidManifest.xml:13:9-57
21        android:required="false" />
21-->src/main/AndroidManifest.xml:14:9-33
22    <uses-feature
22-->src/main/AndroidManifest.xml:15:5-17:35
23        android:name="android.hardware.camera.front"
23-->src/main/AndroidManifest.xml:16:9-53
24        android:required="true" />
24-->src/main/AndroidManifest.xml:17:9-32
25    <uses-feature
25-->src/main/AndroidManifest.xml:18:5-20:36
26        android:name="android.hardware.camera.front.autofocus"
26-->src/main/AndroidManifest.xml:19:9-63
27        android:required="false" />
27-->src/main/AndroidManifest.xml:20:9-33
28
29    <application
29-->src/main/AndroidManifest.xml:22:5-42:19
30        android:allowBackup="false"
30-->src/main/AndroidManifest.xml:23:9-36
31        android:label="@string/app_name"
31-->src/main/AndroidManifest.xml:24:9-41
32        android:largeHeap="true"
32-->src/main/AndroidManifest.xml:26:9-33
33        android:supportsRtl="true"
33-->src/main/AndroidManifest.xml:25:9-35
34        android:theme="@style/AppTheme.NoActionBar" >
34-->src/main/AndroidManifest.xml:27:9-52
35        <activity
35-->src/main/AndroidManifest.xml:28:9-32:71
36            android:name="com.digitify.identityscanner.modules.docscanner.activities.IdentityScannerActivity"
36-->src/main/AndroidManifest.xml:29:13-82
37            android:label="@string/activity_scan_title"
37-->src/main/AndroidManifest.xml:31:13-56
38            android:screenOrientation="portrait"
38-->src/main/AndroidManifest.xml:30:13-49
39            android:theme="@style/AppTheme.NoActionBar.NoActionBar" />
39-->src/main/AndroidManifest.xml:32:13-68
40        <activity
40-->src/main/AndroidManifest.xml:33:9-37:71
41            android:name="com.digitify.identityscanner.modules.docvalidator.activities.IdentityValidatorActivity"
41-->src/main/AndroidManifest.xml:34:13-86
42            android:label="@string/activity_validate_title"
42-->src/main/AndroidManifest.xml:36:13-60
43            android:screenOrientation="portrait"
43-->src/main/AndroidManifest.xml:35:13-49
44            android:theme="@style/AppTheme.NoActionBar.NoActionBar" />
44-->src/main/AndroidManifest.xml:37:13-68
45        <activity
45-->src/main/AndroidManifest.xml:38:9-41:59
46            android:name="com.theartofdev.edmodo.cropper.CropImageActivity"
46-->src/main/AndroidManifest.xml:39:13-76
47            android:screenOrientation="portrait"
47-->src/main/AndroidManifest.xml:40:13-49
48            android:theme="@style/Base.Theme.AppCompat" />
48-->src/main/AndroidManifest.xml:41:13-56
49    </application>
50
51</manifest>